

Version:	3.50
CmdLine:	X:\InfinityRealm\Election Management SYstem\Digital Ballot Box\Digital_Ballot_Box.exe --l4j-debug
JNI:		No
WOW64:		Yes
Working dir:	X:\InfinityRealm\Election Management SYstem\Digital Ballot Box\.
Requires JDK:	No
Requires 64-Bit: No
Java min ver:	
Java max ver:	
JRE paths:	C:\Program Files\Java\jdk-19\bin
Check launcher:	C:\Program Files\Java\jdk-19\bin\javaw.exe (OK)
Version string: 1.019.000_001 / 64-Bit (OK)
Main class:	DigitalBallotBox.Loading
Add classpath:	lib\mysql-connector-j-8.0.31.jar
Add classpath:	lib\jcalendar-1.4.jar.zip
Add classpath:	lib\jcalendar-1.4.jar
Add classpath:	lib\jcalendar-1.4.jar
Add classpath:	lib\commons-dbutils-1.5.jar
Add classpath:	lib\rs2xml.jar
Add classpath:	lib\JTimeChooser_0.1.0.jar
Launcher:	C:\Program Files\Java\jdk-19\bin\javaw.exe
Launcher args:	-classpath "X:\InfinityRealm\Election Management SYstem\Digital Ballot Box\Digital_Ballot_Box.exe;lib\mysql-connector-j-8.0.31.jar;lib\jcalendar-1.4.jar.zip;lib\jcalendar-1.4.jar;lib\jcalendar-1.4.jar;lib\commons-dbutils-1.5.jar;lib\rs2xml.jar;lib\JTimeChooser_0.1.0.jar" DigitalBallotBox.Loading
Args length:	296/32768 chars
Exit code:	0


Version:	3.50
CmdLine:	X:\InfinityRealm\Election Management SYstem\Digital Ballot Box\Digital_Ballot_Box.exe --l4j-debug
JNI:		No
WOW64:		Yes
Working dir:	X:\InfinityRealm\Election Management SYstem\Digital Ballot Box\.
Requires JDK:	No
Requires 64-Bit: No
Java min ver:	1.008.000
Java max ver:	
JRE paths:	C:\Program Files\Java\jdk-19
Check launcher:	C:\Program Files\Java\jdk-19\bin\javaw.exe (OK)
Version string: 1.019.000_001 / 64-Bit (OK)
Substitute:	C:\Program Files\Java\jdk-19\bin = 
Main class:	DigitalBallotBox.Loading
Add classpath:	lib\mysql-connector-j-8.0.31.jar
Add classpath:	lib\jcalendar-1.4.jar.zip
Add classpath:	lib\jcalendar-1.4.jar
Add classpath:	lib\jcalendar-1.4.jar
Add classpath:	lib\commons-dbutils-1.5.jar
Add classpath:	lib\rs2xml.jar
Add classpath:	lib\JTimeChooser_0.1.0.jar
Launcher:	C:\Program Files\Java\jdk-19\bin\javaw.exe
Launcher args:	 -classpath "X:\InfinityRealm\Election Management SYstem\Digital Ballot Box\Digital_Ballot_Box.exe;lib\mysql-connector-j-8.0.31.jar;lib\jcalendar-1.4.jar.zip;lib\jcalendar-1.4.jar;lib\jcalendar-1.4.jar;lib\commons-dbutils-1.5.jar;lib\rs2xml.jar;lib\JTimeChooser_0.1.0.jar" DigitalBallotBox.Loading
Args length:	297/32768 chars
Exit code:	0
